Using pre-set license
Built from '2020.3/staging' branch; Version is '2020.3.22f1 (e1a7f79fd887) revision 14788599'; Using compiler version '192528614'; Build Type 'Release'
OS: 'Windows 10 Pro; OS build 22000.556; Version 2009; 64bit' Language: 'ru' Physical Memory: 16332 MB
BatchMode: 1, IsHumanControllingUs: 0, StartBugReporterOnCrash: 0, Is64bit: 1, IsPro: 0

COMMAND LINE ARGUMENTS:
C:\Program Files\Unity 2020.3.22f1\Editor\Unity.exe
-adb2
-batchMode
-noUpm
-name
AssetImportWorker0
-projectPath
D:/Reposes/FullRuner
-logFile
Logs/AssetImportWorker0.log
-srvPort
51315
Successfully changed project path to: D:/Reposes/FullRuner
D:/Reposes/FullRuner
Using Asset Import Pipeline V2.
Refreshing native plugins compatible for Editor in 69.35 ms, found 2 plugins.
Preloading 0 native plugins for Editor in 0.00 ms.
Initialize engine version: 2020.3.22f1 (e1a7f79fd887)
[Subsystems] Discovering subsystems at path C:/Program Files/Unity 2020.3.22f1/Editor/Data/Resources/UnitySubsystems
[Subsystems] Discovering subsystems at path D:/Reposes/FullRuner/Assets
GfxDevice: creating device client; threaded=0
Direct3D:
    Version:  Direct3D 11.0 [level 11.1]
    Renderer: NVIDIA GeForce GTX 1660 SUPER (ID=0x21c4)
    Vendor:   
    VRAM:     5991 MB
    Driver:   30.0.14.9729
Initialize mono
Mono path[0] = 'C:/Program Files/Unity 2020.3.22f1/Editor/Data/Managed'
Mono path[1] = 'C:/Program Files/Unity 2020.3.22f1/Editor/Data/MonoBleedingEdge/lib/mono/unityjit'
Mono config path = 'C:/Program Files/Unity 2020.3.22f1/Editor/Data/MonoBleedingEdge/etc'
Using monoOptions --debugger-agent=transport=dt_socket,embedding=1,server=y,suspend=n,address=127.0.0.1:56836
Begin MonoManager ReloadAssembly
Registering precompiled unity dll's ...
Register platform support module: C:/Program Files/Unity 2020.3.22f1/Editor/Data/PlaybackEngines/WindowsStandaloneSupport/UnityEditor.WindowsStandalone.Extensions.dll
Registered in 0.002013 seconds.
Native extension for WindowsStandalone target not found
Refreshing native plugins compatible for Editor in 69.03 ms, found 2 plugins.
Preloading 0 native plugins for Editor in 0.00 ms.
Mono: successfully reloaded assembly
- Completed reload, in  1.489 seconds
Domain Reload Profiling:
	ReloadAssembly (1489ms)
		BeginReloadAssembly (73ms)
			ExecutionOrderSort (0ms)
			DisableScriptedObjects (0ms)
			BackupInstance (0ms)
			ReleaseScriptingObjects (0ms)
			CreateAndSetChildDomain (1ms)
		EndReloadAssembly (636ms)
			LoadAssemblies (70ms)
			RebuildTransferFunctionScriptingTraits (0ms)
			SetupTypeCache (208ms)
			ReleaseScriptCaches (0ms)
			RebuildScriptCaches (40ms)
			SetupLoadedEditorAssemblies (249ms)
				LogAssemblyErrors (0ms)
				InitializePlatformSupportModulesInManaged (5ms)
				SetLoadedEditorAssemblies (0ms)
				RefreshPlugins (69ms)
				BeforeProcessingInitializeOnLoad (18ms)
				ProcessInitializeOnLoadAttributes (116ms)
				ProcessInitializeOnLoadMethodAttributes (40ms)
				AfterProcessingInitializeOnLoad (0ms)
				EditorAssembliesLoaded (0ms)
			ExecutionOrderSort2 (0ms)
			AwakeInstancesAfterBackupRestoration (0ms)
Platform modules already initialized, skipping
Registering precompiled user dll's ...
Registered in 0.005531 seconds.
Begin MonoManager ReloadAssembly
Native extension for WindowsStandalone target not found
Refreshing native plugins compatible for Editor in 0.62 ms, found 2 plugins.
Preloading 0 native plugins for Editor in 0.00 ms.
Mono: successfully reloaded assembly
- Completed reload, in  1.413 seconds
Domain Reload Profiling:
	ReloadAssembly (1414ms)
		BeginReloadAssembly (200ms)
			ExecutionOrderSort (0ms)
			DisableScriptedObjects (7ms)
			BackupInstance (0ms)
			ReleaseScriptingObjects (0ms)
			CreateAndSetChildDomain (21ms)
		EndReloadAssembly (1122ms)
			LoadAssemblies (118ms)
			RebuildTransferFunctionScriptingTraits (0ms)
			SetupTypeCache (384ms)
			ReleaseScriptCaches (0ms)
			RebuildScriptCaches (57ms)
			SetupLoadedEditorAssemblies (425ms)
				LogAssemblyErrors (0ms)
				InitializePlatformSupportModulesInManaged (7ms)
				SetLoadedEditorAssemblies (1ms)
				RefreshPlugins (1ms)
				BeforeProcessingInitializeOnLoad (123ms)
				ProcessInitializeOnLoadAttributes (274ms)
				ProcessInitializeOnLoadMethodAttributes (12ms)
				AfterProcessingInitializeOnLoad (7ms)
				EditorAssembliesLoaded (0ms)
			ExecutionOrderSort2 (0ms)
			AwakeInstancesAfterBackupRestoration (9ms)
Platform modules already initialized, skipping
========================================================================
Worker process is ready to serve import requests
Launched and connected shader compiler UnityShaderCompiler.exe after 0.06 seconds
Refreshing native plugins compatible for Editor in 0.63 ms, found 2 plugins.
Preloading 0 native plugins for Editor in 0.00 ms.
Unloading 1503 Unused Serialized files (Serialized files now loaded: 0)
System memory in use before: 89.5 MB.
System memory in use after: 89.6 MB.

Unloading 18 unused Assets to reduce memory usage. Loaded Objects now: 1958.
Total: 3.869300 ms (FindLiveObjects: 0.207700 ms CreateObjectMapping: 0.044900 ms MarkObjects: 3.585700 ms  DeleteObjects: 0.029600 ms)

AssetImportParameters requested are different than current active one (requested -> active):
  custom:framework-win-MediaFoundation: 216162199b28c13a410421893ffa2e32 -> 
  custom:video-decoder-ogg-theora: a1e56fd34408186e4bbccfd4996cb3dc -> 
  custom:container-muxer-webm: aa71ff27fc2769a1b78a27578f13a17b -> 
  custom:container-demuxer-webm: 4f35f7cbe854078d1ac9338744f61a02 -> 
  custom:container-demuxer-ogg: 62fdf1f143b41e24485cea50d1cbac27 -> 
  custom:video-encoder-webm-vp8: eb34c28f22e8b96e1ab97ce403110664 -> 
  custom:video-decoder-webm-vp8: 9c59270c3fd7afecdb556c50c9e8de78 -> 
  custom:audio-decoder-ogg-vorbis: bf7c407c2cedff20999df2af8eb42d56 -> 
  custom:audio-encoder-webm-vorbis: bf7c407c2cedff20999df2af8eb42d56 -> 
========================================================================
Received Import Request.
  path: Assets/Prefabs/Traps/Trash7.prefab
  artifactKey: Guid(8202ce6c7eae38a4d827b50387ae735a) Importer(815301076,1909f56bfc062723c751e8b465ee728b)
Start importing Assets/Prefabs/Traps/Trash7.prefab using Guid(8202ce6c7eae38a4d827b50387ae735a) Importer(815301076,1909f56bfc062723c751e8b465ee728b)  -> (artifact id: '0d14ca63db536bf9f519e54cf1993eda') in 0.489905 seconds 
  Import took 0.494389 seconds .

========================================================================
Received Import Request.
  Time since last request: 30.806947 seconds.
  path: Assets/Prefabs/Traps/SM_Prop_CardboardBox_01 (1).prefab
  artifactKey: Guid(7f3571f295acd134f87b731abebcc0e7) Importer(815301076,1909f56bfc062723c751e8b465ee728b)
Start importing Assets/Prefabs/Traps/SM_Prop_CardboardBox_01 (1).prefab using Guid(7f3571f295acd134f87b731abebcc0e7) Importer(815301076,1909f56bfc062723c751e8b465ee728b)  -> (artifact id: '0bd1598a1941c1a0d692a9bc9b61a436') in 0.215209 seconds 
  Import took 0.219482 seconds .

========================================================================
Received Import Request.
  Time since last request: 6.410037 seconds.
  path: Assets/Prefabs/Traps/box.prefab
  artifactKey: Guid(7f3571f295acd134f87b731abebcc0e7) Importer(815301076,1909f56bfc062723c751e8b465ee728b)
Start importing Assets/Prefabs/Traps/box.prefab using Guid(7f3571f295acd134f87b731abebcc0e7) Importer(815301076,1909f56bfc062723c751e8b465ee728b)  -> (artifact id: 'c8c09717037e7a0330fddd51af91b404') in 0.205211 seconds 
  Import took 0.209712 seconds .

========================================================================
Received Import Request.
  Time since last request: 44.979701 seconds.
  path: Assets/Prefabs/Traps/Trash7.prefab
  artifactKey: Guid(8202ce6c7eae38a4d827b50387ae735a) Importer(815301076,1909f56bfc062723c751e8b465ee728b)
Start importing Assets/Prefabs/Traps/Trash7.prefab using Guid(8202ce6c7eae38a4d827b50387ae735a) Importer(815301076,1909f56bfc062723c751e8b465ee728b)  -> (artifact id: '28f3f8c460fe460d7796a6fca74338af') in 0.209027 seconds 
  Import took 0.213450 seconds .

========================================================================
Received Import Request.
  Time since last request: 4.960528 seconds.
  path: Assets/Prefabs/Traps/Trash7.prefab
  artifactKey: Guid(8202ce6c7eae38a4d827b50387ae735a) Importer(815301076,1909f56bfc062723c751e8b465ee728b)
Start importing Assets/Prefabs/Traps/Trash7.prefab using Guid(8202ce6c7eae38a4d827b50387ae735a) Importer(815301076,1909f56bfc062723c751e8b465ee728b)  -> (artifact id: '57afdd7f2861b3c78174ae318ce25d36') in 0.225012 seconds 
  Import took 0.230107 seconds .

========================================================================
Received Import Request.
  Time since last request: 23.691222 seconds.
  path: Assets/Prefabs/Traps/Trash7.prefab
  artifactKey: Guid(8202ce6c7eae38a4d827b50387ae735a) Importer(815301076,1909f56bfc062723c751e8b465ee728b)
Start importing Assets/Prefabs/Traps/Trash7.prefab using Guid(8202ce6c7eae38a4d827b50387ae735a) Importer(815301076,1909f56bfc062723c751e8b465ee728b)  -> (artifact id: '3b7c21fe522a089455ad749162069ea5') in 0.217639 seconds 
  Import took 0.222052 seconds .

========================================================================
Received Import Request.
  Time since last request: 1.980633 seconds.
  path: Assets/Prefabs/Traps/Trash7.prefab
  artifactKey: Guid(8202ce6c7eae38a4d827b50387ae735a) Importer(815301076,1909f56bfc062723c751e8b465ee728b)
Start importing Assets/Prefabs/Traps/Trash7.prefab using Guid(8202ce6c7eae38a4d827b50387ae735a) Importer(815301076,1909f56bfc062723c751e8b465ee728b)  -> (artifact id: '2330591bdb49ea74f6c2f10247812e1d') in 0.213833 seconds 
  Import took 0.218267 seconds .

========================================================================
Received Import Request.
  Time since last request: 6.094671 seconds.
  path: Assets/Prefabs/Traps/Trash7.prefab
  artifactKey: Guid(8202ce6c7eae38a4d827b50387ae735a) Importer(815301076,1909f56bfc062723c751e8b465ee728b)
Start importing Assets/Prefabs/Traps/Trash7.prefab using Guid(8202ce6c7eae38a4d827b50387ae735a) Importer(815301076,1909f56bfc062723c751e8b465ee728b)  -> (artifact id: 'fbd7534c318a102ba8bc6834074bd714') in 0.222009 seconds 
  Import took 0.226899 seconds .

========================================================================
Received Import Request.
  Time since last request: 1.747333 seconds.
  path: Assets/Prefabs/Traps/Trash7.prefab
  artifactKey: Guid(8202ce6c7eae38a4d827b50387ae735a) Importer(815301076,1909f56bfc062723c751e8b465ee728b)
Start importing Assets/Prefabs/Traps/Trash7.prefab using Guid(8202ce6c7eae38a4d827b50387ae735a) Importer(815301076,1909f56bfc062723c751e8b465ee728b)  -> (artifact id: '054fd817bfb1c2e5ae03f59a4623cd19') in 0.177804 seconds 
  Import took 0.182186 seconds .

========================================================================
Received Import Request.
  Time since last request: 15.618538 seconds.
  path: Assets/Prefabs/Traps/Trash7.prefab
  artifactKey: Guid(8202ce6c7eae38a4d827b50387ae735a) Importer(815301076,1909f56bfc062723c751e8b465ee728b)
Start importing Assets/Prefabs/Traps/Trash7.prefab using Guid(8202ce6c7eae38a4d827b50387ae735a) Importer(815301076,1909f56bfc062723c751e8b465ee728b)  -> (artifact id: '0353111c3c6e96fbfad6cc97fa07d1d0') in 0.213780 seconds 
  Import took 0.218151 seconds .

========================================================================
Received Import Request.
  Time since last request: 2.156937 seconds.
  path: Assets/Prefabs/Traps/Trash7.prefab
  artifactKey: Guid(8202ce6c7eae38a4d827b50387ae735a) Importer(815301076,1909f56bfc062723c751e8b465ee728b)
Start importing Assets/Prefabs/Traps/Trash7.prefab using Guid(8202ce6c7eae38a4d827b50387ae735a) Importer(815301076,1909f56bfc062723c751e8b465ee728b)  -> (artifact id: 'f21c7b0b999e5ba841d123c655ec9a4a') in 0.184626 seconds 
  Import took 0.188913 seconds .

========================================================================
Received Import Request.
  Time since last request: 6.606255 seconds.
  path: Assets/Prefabs/Traps/Trash7.prefab
  artifactKey: Guid(8202ce6c7eae38a4d827b50387ae735a) Importer(815301076,1909f56bfc062723c751e8b465ee728b)
Start importing Assets/Prefabs/Traps/Trash7.prefab using Guid(8202ce6c7eae38a4d827b50387ae735a) Importer(815301076,1909f56bfc062723c751e8b465ee728b)  -> (artifact id: '4dcbe4959ca6c28f8c262f87e196cce6') in 0.223128 seconds 
  Import took 0.226457 seconds .

========================================================================
Received Import Request.
  Time since last request: 1.739086 seconds.
  path: Assets/Prefabs/Traps/Trash7.prefab
  artifactKey: Guid(8202ce6c7eae38a4d827b50387ae735a) Importer(815301076,1909f56bfc062723c751e8b465ee728b)
Start importing Assets/Prefabs/Traps/Trash7.prefab using Guid(8202ce6c7eae38a4d827b50387ae735a) Importer(815301076,1909f56bfc062723c751e8b465ee728b)  -> (artifact id: '04aa4366cd306bc0c0596b60e49151f5') in 0.185053 seconds 
  Import took 0.189136 seconds .

========================================================================
Received Import Request.
  Time since last request: 7.734723 seconds.
  path: Assets/Prefabs/Traps/Trash7.prefab
  artifactKey: Guid(8202ce6c7eae38a4d827b50387ae735a) Importer(815301076,1909f56bfc062723c751e8b465ee728b)
Start importing Assets/Prefabs/Traps/Trash7.prefab using Guid(8202ce6c7eae38a4d827b50387ae735a) Importer(815301076,1909f56bfc062723c751e8b465ee728b)  -> (artifact id: '0e8cec0ed150536188a25a9fd935c335') in 0.214789 seconds 
  Import took 0.218735 seconds .

========================================================================
Received Import Request.
  Time since last request: 1.540322 seconds.
  path: Assets/Prefabs/Traps/Trash7.prefab
  artifactKey: Guid(8202ce6c7eae38a4d827b50387ae735a) Importer(815301076,1909f56bfc062723c751e8b465ee728b)
Start importing Assets/Prefabs/Traps/Trash7.prefab using Guid(8202ce6c7eae38a4d827b50387ae735a) Importer(815301076,1909f56bfc062723c751e8b465ee728b)  -> (artifact id: '73731587e3cfe8283d0d2447d30a0b28') in 0.181492 seconds 
  Import took 0.185698 seconds .

========================================================================
Received Import Request.
  Time since last request: 31.663119 seconds.
  path: Assets/Prefabs/Traps/box.prefab
  artifactKey: Guid(7f3571f295acd134f87b731abebcc0e7) Importer(815301076,1909f56bfc062723c751e8b465ee728b)
Start importing Assets/Prefabs/Traps/box.prefab using Guid(7f3571f295acd134f87b731abebcc0e7) Importer(815301076,1909f56bfc062723c751e8b465ee728b)  -> (artifact id: '61c4d0b096aab84c5ed088b7928e59d8') in 0.191885 seconds 
  Import took 0.196520 seconds .

========================================================================
Received Import Request.
  Time since last request: 0.000233 seconds.
  path: Assets/Prefabs/Traps/Trash7.prefab
  artifactKey: Guid(8202ce6c7eae38a4d827b50387ae735a) Importer(815301076,1909f56bfc062723c751e8b465ee728b)
Start importing Assets/Prefabs/Traps/Trash7.prefab using Guid(8202ce6c7eae38a4d827b50387ae735a) Importer(815301076,1909f56bfc062723c751e8b465ee728b)  -> (artifact id: '5cf53145af8d8141fdde26577e2fa69f') in 0.184144 seconds 
  Import took 0.187636 seconds .

========================================================================
Received Import Request.
  Time since last request: 2.372976 seconds.
  path: Assets/Prefabs/Traps/box.prefab
  artifactKey: Guid(7f3571f295acd134f87b731abebcc0e7) Importer(815301076,1909f56bfc062723c751e8b465ee728b)
Start importing Assets/Prefabs/Traps/box.prefab using Guid(7f3571f295acd134f87b731abebcc0e7) Importer(815301076,1909f56bfc062723c751e8b465ee728b)  -> (artifact id: 'cb7d89b1d9497fa9b5a3a48c8ac6355f') in 0.194540 seconds 
  Import took 0.198363 seconds .

========================================================================
Received Import Request.
  Time since last request: 0.000199 seconds.
  path: Assets/Prefabs/Traps/Trash7.prefab
  artifactKey: Guid(8202ce6c7eae38a4d827b50387ae735a) Importer(815301076,1909f56bfc062723c751e8b465ee728b)
Start importing Assets/Prefabs/Traps/Trash7.prefab using Guid(8202ce6c7eae38a4d827b50387ae735a) Importer(815301076,1909f56bfc062723c751e8b465ee728b)  -> (artifact id: 'c2d15c28cb60ac6e22683d0e8dc7aa92') in 0.197207 seconds 
  Import took 0.200760 seconds .

========================================================================
Received Prepare
Registering precompiled user dll's ...
Registered in 0.005336 seconds.
Begin MonoManager ReloadAssembly
Native extension for WindowsStandalone target not found
Refreshing native plugins compatible for Editor in 0.64 ms, found 2 plugins.
Preloading 0 native plugins for Editor in 0.00 ms.
Mono: successfully reloaded assembly
- Completed reload, in  1.378 seconds
Domain Reload Profiling:
	ReloadAssembly (1379ms)
		BeginReloadAssembly (141ms)
			ExecutionOrderSort (0ms)
			DisableScriptedObjects (6ms)
			BackupInstance (0ms)
			ReleaseScriptingObjects (0ms)
			CreateAndSetChildDomain (41ms)
		EndReloadAssembly (1147ms)
			LoadAssemblies (117ms)
			RebuildTransferFunctionScriptingTraits (0ms)
			SetupTypeCache (390ms)
			ReleaseScriptCaches (1ms)
			RebuildScriptCaches (55ms)
			SetupLoadedEditorAssemblies (422ms)
				LogAssemblyErrors (0ms)
				InitializePlatformSupportModulesInManaged (7ms)
				SetLoadedEditorAssemblies (1ms)
				RefreshPlugins (1ms)
				BeforeProcessingInitializeOnLoad (122ms)
				ProcessInitializeOnLoadAttributes (271ms)
				ProcessInitializeOnLoadMethodAttributes (14ms)
				AfterProcessingInitializeOnLoad (7ms)
				EditorAssembliesLoaded (0ms)
			ExecutionOrderSort2 (0ms)
			AwakeInstancesAfterBackupRestoration (10ms)
Platform modules already initialized, skipping
Switching build target platform(19) subTarget(0) extendedPlatform(0) -> platform(13) subTarget(537395200) extendedPlatform(0)
Refreshing native plugins compatible for Editor in 0.64 ms, found 2 plugins.
Preloading 0 native plugins for Editor in 0.00 ms.
Unloading 1500 Unused Serialized files (Serialized files now loaded: 0)
System memory in use before: 92.2 MB.
System memory in use after: 92.3 MB.

Unloading 14 unused Assets to reduce memory usage. Loaded Objects now: 1967.
Total: 4.607000 ms (FindLiveObjects: 0.194900 ms CreateObjectMapping: 0.047000 ms MarkObjects: 4.337400 ms  DeleteObjects: 0.026500 ms)

AssetImportParameters requested are different than current active one (requested -> active):
  custom:framework-win-MediaFoundation: 216162199b28c13a410421893ffa2e32 -> 
  custom:video-decoder-ogg-theora: a1e56fd34408186e4bbccfd4996cb3dc -> 
  custom:container-muxer-webm: aa71ff27fc2769a1b78a27578f13a17b -> 
  custom:container-demuxer-webm: 4f35f7cbe854078d1ac9338744f61a02 -> 
  custom:container-demuxer-ogg: 62fdf1f143b41e24485cea50d1cbac27 -> 
  custom:video-encoder-webm-vp8: eb34c28f22e8b96e1ab97ce403110664 -> 
  custom:video-decoder-webm-vp8: 9c59270c3fd7afecdb556c50c9e8de78 -> 
  custom:graphics/normal-map-encoding: 01000000000000000000000000000000 -> 02000000000000000000000000000000
  custom:audio-decoder-ogg-vorbis: bf7c407c2cedff20999df2af8eb42d56 -> 
  custom:audio-encoder-webm-vorbis: bf7c407c2cedff20999df2af8eb42d56 -> 
========================================================================
Received Import Request.
  Time since last request: 32.787153 seconds.
  path: Assets/Prefabs/Traps/Trash7.prefab
  artifactKey: Guid(8202ce6c7eae38a4d827b50387ae735a) Importer(815301076,1909f56bfc062723c751e8b465ee728b)
Start importing Assets/Prefabs/Traps/Trash7.prefab using Guid(8202ce6c7eae38a4d827b50387ae735a) Importer(815301076,1909f56bfc062723c751e8b465ee728b)  -> (artifact id: '8918e3726b562e2c725eab0aa94ed6f5') in 0.240041 seconds 
  Import took 0.244741 seconds .

========================================================================
Received Prepare
Registering precompiled user dll's ...
Registered in 0.005354 seconds.
Begin MonoManager ReloadAssembly
Native extension for WindowsStandalone target not found
Refreshing native plugins compatible for Editor in 0.63 ms, found 2 plugins.
Preloading 0 native plugins for Editor in 0.00 ms.
Mono: successfully reloaded assembly
- Completed reload, in  1.310 seconds
Domain Reload Profiling:
	ReloadAssembly (1310ms)
		BeginReloadAssembly (134ms)
			ExecutionOrderSort (0ms)
			DisableScriptedObjects (6ms)
			BackupInstance (0ms)
			ReleaseScriptingObjects (0ms)
			CreateAndSetChildDomain (38ms)
		EndReloadAssembly (1089ms)
			LoadAssemblies (115ms)
			RebuildTransferFunctionScriptingTraits (0ms)
			SetupTypeCache (377ms)
			ReleaseScriptCaches (1ms)
			RebuildScriptCaches (52ms)
			SetupLoadedEditorAssemblies (387ms)
				LogAssemblyErrors (0ms)
				InitializePlatformSupportModulesInManaged (7ms)
				SetLoadedEditorAssemblies (1ms)
				RefreshPlugins (1ms)
				BeforeProcessingInitializeOnLoad (113ms)
				ProcessInitializeOnLoadAttributes (245ms)
				ProcessInitializeOnLoadMethodAttributes (13ms)
				AfterProcessingInitializeOnLoad (7ms)
				EditorAssembliesLoaded (0ms)
			ExecutionOrderSort2 (0ms)
			AwakeInstancesAfterBackupRestoration (10ms)
Platform modules already initialized, skipping
Switching build target platform(19) subTarget(0) extendedPlatform(0) -> platform(13) subTarget(537395200) extendedPlatform(0)
Refreshing native plugins compatible for Editor in 0.63 ms, found 2 plugins.
Preloading 0 native plugins for Editor in 0.00 ms.
Unloading 1500 Unused Serialized files (Serialized files now loaded: 0)
System memory in use before: 92.2 MB.
System memory in use after: 92.3 MB.

Unloading 14 unused Assets to reduce memory usage. Loaded Objects now: 1970.
Total: 3.866200 ms (FindLiveObjects: 0.191800 ms CreateObjectMapping: 0.045600 ms MarkObjects: 3.604600 ms  DeleteObjects: 0.022500 ms)

AssetImportParameters requested are different than current active one (requested -> active):
  custom:framework-win-MediaFoundation: 216162199b28c13a410421893ffa2e32 -> 
  custom:video-decoder-ogg-theora: a1e56fd34408186e4bbccfd4996cb3dc -> 
  custom:container-muxer-webm: aa71ff27fc2769a1b78a27578f13a17b -> 
  custom:container-demuxer-webm: 4f35f7cbe854078d1ac9338744f61a02 -> 
  custom:container-demuxer-ogg: 62fdf1f143b41e24485cea50d1cbac27 -> 
  custom:video-encoder-webm-vp8: eb34c28f22e8b96e1ab97ce403110664 -> 
  custom:video-decoder-webm-vp8: 9c59270c3fd7afecdb556c50c9e8de78 -> 
  custom:graphics/normal-map-encoding: 01000000000000000000000000000000 -> 02000000000000000000000000000000
  custom:audio-decoder-ogg-vorbis: bf7c407c2cedff20999df2af8eb42d56 -> 
  custom:audio-encoder-webm-vorbis: bf7c407c2cedff20999df2af8eb42d56 -> 
========================================================================
Received Import Request.
  Time since last request: 34.964471 seconds.
  path: Assets/Prefabs/Traps/Trash7.prefab
  artifactKey: Guid(8202ce6c7eae38a4d827b50387ae735a) Importer(815301076,1909f56bfc062723c751e8b465ee728b)
Start importing Assets/Prefabs/Traps/Trash7.prefab using Guid(8202ce6c7eae38a4d827b50387ae735a) Importer(815301076,1909f56bfc062723c751e8b465ee728b)  -> (artifact id: '63cd21a78ba831c0b027fe4f7223d855') in 0.256555 seconds 
  Import took 0.259943 seconds .

========================================================================
Received Import Request.
  Time since last request: 2.865141 seconds.
  path: Assets/Prefabs/Traps/Trash7.prefab
  artifactKey: Guid(8202ce6c7eae38a4d827b50387ae735a) Importer(815301076,1909f56bfc062723c751e8b465ee728b)
Start importing Assets/Prefabs/Traps/Trash7.prefab using Guid(8202ce6c7eae38a4d827b50387ae735a) Importer(815301076,1909f56bfc062723c751e8b465ee728b)  -> (artifact id: '4988475894a5963b378abc693a0fbebf') in 0.178677 seconds 
  Import took 0.182062 seconds .

========================================================================
Received Import Request.
  Time since last request: 2.970384 seconds.
  path: Assets/Prefabs/Traps/Trash7.prefab
  artifactKey: Guid(8202ce6c7eae38a4d827b50387ae735a) Importer(815301076,1909f56bfc062723c751e8b465ee728b)
Start importing Assets/Prefabs/Traps/Trash7.prefab using Guid(8202ce6c7eae38a4d827b50387ae735a) Importer(815301076,1909f56bfc062723c751e8b465ee728b)  -> (artifact id: '82676fe0af6b2b028db7c48e2e8668e5') in 0.196303 seconds 
  Import took 0.201170 seconds .

========================================================================
Received Import Request.
  Time since last request: 3.342020 seconds.
  path: Assets/Prefabs/Traps/Trash7.prefab
  artifactKey: Guid(8202ce6c7eae38a4d827b50387ae735a) Importer(815301076,1909f56bfc062723c751e8b465ee728b)
Start importing Assets/Prefabs/Traps/Trash7.prefab using Guid(8202ce6c7eae38a4d827b50387ae735a) Importer(815301076,1909f56bfc062723c751e8b465ee728b)  -> (artifact id: '2c661d2cf50d37775998179a46b9a42a') in 0.203065 seconds 
  Import took 0.206529 seconds .

========================================================================
Received Import Request.
  Time since last request: 7.803345 seconds.
  path: Assets/Prefabs/Traps/Trash7.prefab
  artifactKey: Guid(8202ce6c7eae38a4d827b50387ae735a) Importer(815301076,1909f56bfc062723c751e8b465ee728b)
Start importing Assets/Prefabs/Traps/Trash7.prefab using Guid(8202ce6c7eae38a4d827b50387ae735a) Importer(815301076,1909f56bfc062723c751e8b465ee728b)  -> (artifact id: '3b37e32f58a590b40e78e409c699218c') in 0.221108 seconds 
  Import took 0.225105 seconds .

========================================================================
Received Import Request.
  Time since last request: 8.208416 seconds.
  path: Assets/Prefabs/Traps/Trash7.prefab
  artifactKey: Guid(8202ce6c7eae38a4d827b50387ae735a) Importer(815301076,1909f56bfc062723c751e8b465ee728b)
Start importing Assets/Prefabs/Traps/Trash7.prefab using Guid(8202ce6c7eae38a4d827b50387ae735a) Importer(815301076,1909f56bfc062723c751e8b465ee728b)  -> (artifact id: 'ec6e589faa68af61c71f86b1456da9e5') in 0.173335 seconds 
  Import took 0.176799 seconds .

========================================================================
Received Import Request.
  Time since last request: 4.832052 seconds.
  path: Assets/Prefabs/Traps/Trash7.prefab
  artifactKey: Guid(8202ce6c7eae38a4d827b50387ae735a) Importer(815301076,1909f56bfc062723c751e8b465ee728b)
Start importing Assets/Prefabs/Traps/Trash7.prefab using Guid(8202ce6c7eae38a4d827b50387ae735a) Importer(815301076,1909f56bfc062723c751e8b465ee728b)  -> (artifact id: 'cc532b55de9f070b1f1c7cc8cf10d77f') in 0.288753 seconds 
  Import took 0.292086 seconds .

========================================================================
Received Import Request.
  Time since last request: 6.307180 seconds.
  path: Assets/Prefabs/Traps/Trash7.prefab
  artifactKey: Guid(8202ce6c7eae38a4d827b50387ae735a) Importer(815301076,1909f56bfc062723c751e8b465ee728b)
Start importing Assets/Prefabs/Traps/Trash7.prefab using Guid(8202ce6c7eae38a4d827b50387ae735a) Importer(815301076,1909f56bfc062723c751e8b465ee728b)  -> (artifact id: 'd6f52b20c77bedc8cdebc1857f9bd069') in 0.186112 seconds 
  Import took 0.191236 seconds .

========================================================================
Received Import Request.
  Time since last request: 6.399477 seconds.
  path: Assets/Prefabs/Traps/Trash7.prefab
  artifactKey: Guid(8202ce6c7eae38a4d827b50387ae735a) Importer(815301076,1909f56bfc062723c751e8b465ee728b)
Start importing Assets/Prefabs/Traps/Trash7.prefab using Guid(8202ce6c7eae38a4d827b50387ae735a) Importer(815301076,1909f56bfc062723c751e8b465ee728b)  -> (artifact id: '1c2d3eee09e790fc9cffdb5cd4b679d5') in 0.233754 seconds 
  Import took 0.237696 seconds .

========================================================================
Received Import Request.
  Time since last request: 6.954854 seconds.
  path: Assets/Prefabs/Traps/Trash7.prefab
  artifactKey: Guid(8202ce6c7eae38a4d827b50387ae735a) Importer(815301076,1909f56bfc062723c751e8b465ee728b)
Start importing Assets/Prefabs/Traps/Trash7.prefab using Guid(8202ce6c7eae38a4d827b50387ae735a) Importer(815301076,1909f56bfc062723c751e8b465ee728b)  -> (artifact id: 'b3b1e6e2c9093032d2c5a204e42a84c9') in 0.179467 seconds 
  Import took 0.183036 seconds .

========================================================================
Received Import Request.
  Time since last request: 4.792617 seconds.
  path: Assets/Prefabs/Traps/Trash7.prefab
  artifactKey: Guid(8202ce6c7eae38a4d827b50387ae735a) Importer(815301076,1909f56bfc062723c751e8b465ee728b)
Start importing Assets/Prefabs/Traps/Trash7.prefab using Guid(8202ce6c7eae38a4d827b50387ae735a) Importer(815301076,1909f56bfc062723c751e8b465ee728b)  -> (artifact id: 'ba8a5146f1f5442f0afc28f945c9e8b3') in 0.250044 seconds 
  Import took 0.253423 seconds .

========================================================================
Received Import Request.
  Time since last request: 2.895348 seconds.
  path: Assets/Prefabs/Traps/Trash7.prefab
  artifactKey: Guid(8202ce6c7eae38a4d827b50387ae735a) Importer(815301076,1909f56bfc062723c751e8b465ee728b)
Start importing Assets/Prefabs/Traps/Trash7.prefab using Guid(8202ce6c7eae38a4d827b50387ae735a) Importer(815301076,1909f56bfc062723c751e8b465ee728b)  -> (artifact id: '7d88c0caccf3e98dbb3d83f73bb4b440') in 0.176478 seconds 
  Import took 0.180882 seconds .

========================================================================
Received Import Request.
  Time since last request: 6.207332 seconds.
  path: Assets/Prefabs/Traps/Trash7.prefab
  artifactKey: Guid(8202ce6c7eae38a4d827b50387ae735a) Importer(815301076,1909f56bfc062723c751e8b465ee728b)
Start importing Assets/Prefabs/Traps/Trash7.prefab using Guid(8202ce6c7eae38a4d827b50387ae735a) Importer(815301076,1909f56bfc062723c751e8b465ee728b)  -> (artifact id: '543670e2ef37f8d278379e95e1a02e09') in 0.235732 seconds 
  Import took 0.239270 seconds .

========================================================================
Received Import Request.
  Time since last request: 4.517562 seconds.
  path: Assets/Prefabs/Traps/Trash7.prefab
  artifactKey: Guid(8202ce6c7eae38a4d827b50387ae735a) Importer(815301076,1909f56bfc062723c751e8b465ee728b)
Start importing Assets/Prefabs/Traps/Trash7.prefab using Guid(8202ce6c7eae38a4d827b50387ae735a) Importer(815301076,1909f56bfc062723c751e8b465ee728b)  -> (artifact id: '9931a8f9351729ad3540c9770b470a01') in 0.301986 seconds 
  Import took 0.305711 seconds .

========================================================================
Received Prepare
Registering precompiled user dll's ...
Registered in 0.005402 seconds.
Begin MonoManager ReloadAssembly
Native extension for WindowsStandalone target not found
Refreshing native plugins compatible for Editor in 0.63 ms, found 2 plugins.
Preloading 0 native plugins for Editor in 0.00 ms.
Mono: successfully reloaded assembly
- Completed reload, in  1.317 seconds
Domain Reload Profiling:
	ReloadAssembly (1318ms)
		BeginReloadAssembly (136ms)
			ExecutionOrderSort (0ms)
			DisableScriptedObjects (7ms)
			BackupInstance (0ms)
			ReleaseScriptingObjects (0ms)
			CreateAndSetChildDomain (38ms)
		EndReloadAssembly (1093ms)
			LoadAssemblies (115ms)
			RebuildTransferFunctionScriptingTraits (0ms)
			SetupTypeCache (376ms)
			ReleaseScriptCaches (1ms)
			RebuildScriptCaches (51ms)
			SetupLoadedEditorAssemblies (387ms)
				LogAssemblyErrors (0ms)
				InitializePlatformSupportModulesInManaged (7ms)
				SetLoadedEditorAssemblies (1ms)
				RefreshPlugins (1ms)
				BeforeProcessingInitializeOnLoad (114ms)
				ProcessInitializeOnLoadAttributes (245ms)
				ProcessInitializeOnLoadMethodAttributes (12ms)
				AfterProcessingInitializeOnLoad (7ms)
				EditorAssembliesLoaded (0ms)
			ExecutionOrderSort2 (0ms)
			AwakeInstancesAfterBackupRestoration (10ms)
Platform modules already initialized, skipping
Switching build target platform(19) subTarget(0) extendedPlatform(0) -> platform(13) subTarget(537395200) extendedPlatform(0)
Refreshing native plugins compatible for Editor in 0.62 ms, found 2 plugins.
Preloading 0 native plugins for Editor in 0.00 ms.
Unloading 1500 Unused Serialized files (Serialized files now loaded: 0)
System memory in use before: 92.3 MB.
System memory in use after: 92.4 MB.

Unloading 14 unused Assets to reduce memory usage. Loaded Objects now: 1973.
Total: 3.767200 ms (FindLiveObjects: 0.188500 ms CreateObjectMapping: 0.047700 ms MarkObjects: 3.509300 ms  DeleteObjects: 0.020300 ms)

AssetImportParameters requested are different than current active one (requested -> active):
  custom:framework-win-MediaFoundation: 216162199b28c13a410421893ffa2e32 -> 
  custom:video-decoder-ogg-theora: a1e56fd34408186e4bbccfd4996cb3dc -> 
  custom:container-muxer-webm: aa71ff27fc2769a1b78a27578f13a17b -> 
  custom:container-demuxer-webm: 4f35f7cbe854078d1ac9338744f61a02 -> 
  custom:container-demuxer-ogg: 62fdf1f143b41e24485cea50d1cbac27 -> 
  custom:video-encoder-webm-vp8: eb34c28f22e8b96e1ab97ce403110664 -> 
  custom:video-decoder-webm-vp8: 9c59270c3fd7afecdb556c50c9e8de78 -> 
  custom:graphics/normal-map-encoding: 01000000000000000000000000000000 -> 02000000000000000000000000000000
  custom:audio-decoder-ogg-vorbis: bf7c407c2cedff20999df2af8eb42d56 -> 
  custom:audio-encoder-webm-vorbis: bf7c407c2cedff20999df2af8eb42d56 -> 
========================================================================
Received Import Request.
  Time since last request: 35.663149 seconds.
  path: Assets/Prefabs/Traps/Trash7.prefab
  artifactKey: Guid(8202ce6c7eae38a4d827b50387ae735a) Importer(815301076,1909f56bfc062723c751e8b465ee728b)
Start importing Assets/Prefabs/Traps/Trash7.prefab using Guid(8202ce6c7eae38a4d827b50387ae735a) Importer(815301076,1909f56bfc062723c751e8b465ee728b)  -> (artifact id: '1f0a3a3c53336edb859308c82edc916f') in 0.248439 seconds 
  Import took 0.252702 seconds .

========================================================================
Received Prepare
Registering precompiled user dll's ...
Registered in 0.005569 seconds.
Begin MonoManager ReloadAssembly
Native extension for WindowsStandalone target not found
Refreshing native plugins compatible for Editor in 0.66 ms, found 2 plugins.
Preloading 0 native plugins for Editor in 0.00 ms.
Mono: successfully reloaded assembly
- Completed reload, in  1.390 seconds
Domain Reload Profiling:
	ReloadAssembly (1391ms)
		BeginReloadAssembly (137ms)
			ExecutionOrderSort (0ms)
			DisableScriptedObjects (6ms)
			BackupInstance (0ms)
			ReleaseScriptingObjects (0ms)
			CreateAndSetChildDomain (38ms)
		EndReloadAssembly (1164ms)
			LoadAssemblies (124ms)
			RebuildTransferFunctionScriptingTraits (0ms)
			SetupTypeCache (399ms)
			ReleaseScriptCaches (1ms)
			RebuildScriptCaches (52ms)
			SetupLoadedEditorAssemblies (392ms)
				LogAssemblyErrors (0ms)
				InitializePlatformSupportModulesInManaged (7ms)
				SetLoadedEditorAssemblies (1ms)
				RefreshPlugins (1ms)
				BeforeProcessingInitializeOnLoad (117ms)
				ProcessInitializeOnLoadAttributes (246ms)
				ProcessInitializeOnLoadMethodAttributes (13ms)
				AfterProcessingInitializeOnLoad (8ms)
				EditorAssembliesLoaded (0ms)
			ExecutionOrderSort2 (0ms)
			AwakeInstancesAfterBackupRestoration (11ms)
Platform modules already initialized, skipping
Switching build target platform(19) subTarget(0) extendedPlatform(0) -> platform(13) subTarget(537395200) extendedPlatform(0)
Refreshing native plugins compatible for Editor in 0.64 ms, found 2 plugins.
Preloading 0 native plugins for Editor in 0.00 ms.
Unloading 1500 Unused Serialized files (Serialized files now loaded: 0)
System memory in use before: 92.3 MB.
System memory in use after: 92.4 MB.

Unloading 14 unused Assets to reduce memory usage. Loaded Objects now: 1976.
Total: 3.941300 ms (FindLiveObjects: 0.203300 ms CreateObjectMapping: 0.045900 ms MarkObjects: 3.666700 ms  DeleteObjects: 0.023700 ms)

AssetImportParameters requested are different than current active one (requested -> active):
  custom:framework-win-MediaFoundation: 216162199b28c13a410421893ffa2e32 -> 
  custom:video-decoder-ogg-theora: a1e56fd34408186e4bbccfd4996cb3dc -> 
  custom:container-muxer-webm: aa71ff27fc2769a1b78a27578f13a17b -> 
  custom:container-demuxer-webm: 4f35f7cbe854078d1ac9338744f61a02 -> 
  custom:container-demuxer-ogg: 62fdf1f143b41e24485cea50d1cbac27 -> 
  custom:video-encoder-webm-vp8: eb34c28f22e8b96e1ab97ce403110664 -> 
  custom:video-decoder-webm-vp8: 9c59270c3fd7afecdb556c50c9e8de78 -> 
  custom:graphics/normal-map-encoding: 01000000000000000000000000000000 -> 02000000000000000000000000000000
  custom:audio-decoder-ogg-vorbis: bf7c407c2cedff20999df2af8eb42d56 -> 
  custom:audio-encoder-webm-vorbis: bf7c407c2cedff20999df2af8eb42d56 -> 
========================================================================
Received Prepare
Registering precompiled user dll's ...
Registered in 0.005457 seconds.
Begin MonoManager ReloadAssembly
Native extension for WindowsStandalone target not found
Refreshing native plugins compatible for Editor in 0.62 ms, found 2 plugins.
Preloading 0 native plugins for Editor in 0.00 ms.
Mono: successfully reloaded assembly
- Completed reload, in  1.343 seconds
Domain Reload Profiling:
	ReloadAssembly (1344ms)
		BeginReloadAssembly (129ms)
			ExecutionOrderSort (0ms)
			DisableScriptedObjects (7ms)
			BackupInstance (0ms)
			ReleaseScriptingObjects (0ms)
			CreateAndSetChildDomain (40ms)
		EndReloadAssembly (1126ms)
			LoadAssemblies (116ms)
			RebuildTransferFunctionScriptingTraits (0ms)
			SetupTypeCache (382ms)
			ReleaseScriptCaches (1ms)
			RebuildScriptCaches (56ms)
			SetupLoadedEditorAssemblies (393ms)
				LogAssemblyErrors (0ms)
				InitializePlatformSupportModulesInManaged (6ms)
				SetLoadedEditorAssemblies (1ms)
				RefreshPlugins (1ms)
				BeforeProcessingInitializeOnLoad (114ms)
				ProcessInitializeOnLoadAttributes (250ms)
				ProcessInitializeOnLoadMethodAttributes (13ms)
				AfterProcessingInitializeOnLoad (7ms)
				EditorAssembliesLoaded (0ms)
			ExecutionOrderSort2 (0ms)
			AwakeInstancesAfterBackupRestoration (10ms)
Platform modules already initialized, skipping
Switching build target platform(19) subTarget(0) extendedPlatform(0) -> platform(13) subTarget(537395200) extendedPlatform(0)
Refreshing native plugins compatible for Editor in 0.63 ms, found 2 plugins.
Preloading 0 native plugins for Editor in 0.00 ms.
Unloading 1500 Unused Serialized files (Serialized files now loaded: 0)
System memory in use before: 92.3 MB.
System memory in use after: 92.4 MB.

Unloading 14 unused Assets to reduce memory usage. Loaded Objects now: 1978.
Total: 3.876500 ms (FindLiveObjects: 0.195600 ms CreateObjectMapping: 0.047400 ms MarkObjects: 3.606900 ms  DeleteObjects: 0.025100 ms)

AssetImportParameters requested are different than current active one (requested -> active):
  custom:framework-win-MediaFoundation: 216162199b28c13a410421893ffa2e32 -> 
  custom:video-decoder-ogg-theora: a1e56fd34408186e4bbccfd4996cb3dc -> 
  custom:container-muxer-webm: aa71ff27fc2769a1b78a27578f13a17b -> 
  custom:container-demuxer-webm: 4f35f7cbe854078d1ac9338744f61a02 -> 
  custom:container-demuxer-ogg: 62fdf1f143b41e24485cea50d1cbac27 -> 
  custom:video-encoder-webm-vp8: eb34c28f22e8b96e1ab97ce403110664 -> 
  custom:video-decoder-webm-vp8: 9c59270c3fd7afecdb556c50c9e8de78 -> 
  custom:graphics/normal-map-encoding: 01000000000000000000000000000000 -> 02000000000000000000000000000000
  custom:audio-decoder-ogg-vorbis: bf7c407c2cedff20999df2af8eb42d56 -> 
  custom:audio-encoder-webm-vorbis: bf7c407c2cedff20999df2af8eb42d56 -> 
AssetImportWorkerClient::OnTransportError - code=2 error=End of file
